<?xml version="1.0" encoding="UTF-8"?>
<testng-results ignored="0" total="1" passed="0" failed="1" skipped="0">
  <reporter-output>
    <line>
      <![CDATA[verifyLanguageTest--------TEST SCRIPT EXECUTION STARTED]]>
    </line>
    <line>
      <![CDATA[verifyLanguageTest--------EXECUTION FAILED]]>
    </line>
  </reporter-output>
  <suite started-at="2023-07-14T13:26:12 IST" name="Default suite" finished-at="2023-07-14T13:26:42 IST" duration-ms="30423">
    <groups>
    </groups>
    <test started-at="2023-07-14T13:26:12 IST" name="Default test" finished-at="2023-07-14T13:26:42 IST" duration-ms="30423">
      <class name="com.bhim.npci.endtoend.LanguageTest">
        <test-method is-config="true" signature="config_BS()[pri:0, instance:com.bhim.npci.endtoend.LanguageTest@fbd1f6]" started-at="2023-07-14T13:26:12 IST" name="config_BS" finished-at="2023-07-14T13:26:12 IST" duration-ms="161" status="PASS">
          <reporter-output>
          </reporter-output>
        </test-method> <!-- config_BS -->
        <test-method is-config="true" signature="config_BC()[pri:0, instance:com.bhim.npci.endtoend.LanguageTest@fbd1f6]" started-at="2023-07-14T13:26:12 IST" name="config_BC" finished-at="2023-07-14T13:26:24 IST" duration-ms="11258" status="PASS">
          <reporter-output>
          </reporter-output>
        </test-method> <!-- config_BC -->
        <test-method is-config="true" signature="config_BM()[pri:0, instance:com.bhim.npci.endtoend.LanguageTest@fbd1f6]" started-at="2023-07-14T13:26:24 IST" name="config_BM" finished-at="2023-07-14T13:26:36 IST" duration-ms="12094" status="PASS">
          <reporter-output>
          </reporter-output>
        </test-method> <!-- config_BM -->
        <test-method signature="verifyLanguageTest()[pri:0, instance:com.bhim.npci.endtoend.LanguageTest@fbd1f6]" started-at="2023-07-14T13:26:36 IST" name="verifyLanguageTest" finished-at="2023-07-14T13:26:36 IST" duration-ms="558" status="FAIL">
          <exception class="java.lang.NullPointerException">
            <message>
              <![CDATA[Cannot invoke "com.aventstack.extentreports.ExtentTest.log(com.aventstack.extentreports.Status, String)" because "this.listener.test" is null]]>
            </message>
            <full-stacktrace>
              <![CDATA[java.lang.NullPointerException: Cannot invoke "com.aventstack.extentreports.ExtentTest.log(com.aventstack.extentreports.Status, String)" because "this.listener.test" is null
at com.bhim.npci.endtoend.LanguageTest.verifyLanguageTest(LanguageTest.java:16)
at java.base/jdk.internal.reflect.NativeMethodAccessorImpl.invoke0(Native Method)
at java.base/jdk.internal.reflect.NativeMethodAccessorImpl.invoke(NativeMethodAccessorImpl.java:64)
at java.base/jdk.internal.reflect.DelegatingMethodAccessorImpl.invoke(DelegatingMethodAccessorImpl.java:43)
at java.base/java.lang.reflect.Method.invoke(Method.java:564)
at org.testng.internal.invokers.MethodInvocationHelper.invokeMethod(MethodInvocationHelper.java:139)
at org.testng.internal.invokers.TestInvoker.invokeMethod(TestInvoker.java:664)
at org.testng.internal.invokers.TestInvoker.invokeTestMethod(TestInvoker.java:227)
at org.testng.internal.invokers.MethodRunner.runInSequence(MethodRunner.java:50)
at org.testng.internal.invokers.TestInvoker$MethodInvocationAgent.invoke(TestInvoker.java:957)
at org.testng.internal.invokers.TestInvoker.invokeTestMethods(TestInvoker.java:200)
at org.testng.internal.invokers.TestMethodWorker.invokeTestMethods(TestMethodWorker.java:148)
at org.testng.internal.invokers.TestMethodWorker.run(TestMethodWorker.java:128)
at java.base/java.util.ArrayList.forEach(ArrayList.java:1511)
at org.testng.TestRunner.privateRun(TestRunner.java:848)
at org.testng.TestRunner.run(TestRunner.java:621)
at org.testng.SuiteRunner.runTest(SuiteRunner.java:443)
at org.testng.SuiteRunner.runSequentially(SuiteRunner.java:437)
at org.testng.SuiteRunner.privateRun(SuiteRunner.java:397)
at org.testng.SuiteRunner.run(SuiteRunner.java:336)
at org.testng.SuiteRunnerWorker.runSuite(SuiteRunnerWorker.java:52)
at org.testng.SuiteRunnerWorker.run(SuiteRunnerWorker.java:95)
at org.testng.TestNG.runSuitesSequentially(TestNG.java:1280)
at org.testng.TestNG.runSuitesLocally(TestNG.java:1200)
at org.testng.TestNG.runSuites(TestNG.java:1114)
at org.testng.TestNG.run(TestNG.java:1082)
at org.testng.remote.AbstractRemoteTestNG.run(AbstractRemoteTestNG.java:115)
at org.testng.remote.RemoteTestNG.initAndRun(RemoteTestNG.java:251)
at org.testng.remote.RemoteTestNG.main(RemoteTestNG.java:77)
]]>
            </full-stacktrace>
          </exception> <!-- java.lang.NullPointerException -->
          <reporter-output>
            <line>
              <![CDATA[verifyLanguageTest--------TEST SCRIPT EXECUTION STARTED]]>
            </line>
            <line>
              <![CDATA[verifyLanguageTest--------EXECUTION FAILED]]>
            </line>
          </reporter-output>
        </test-method> <!-- verifyLanguageTest -->
        <test-method is-config="true" signature="config_AM()[pri:0, instance:com.bhim.npci.endtoend.LanguageTest@fbd1f6]" started-at="2023-07-14T13:26:37 IST" name="config_AM" finished-at="2023-07-14T13:26:42 IST" duration-ms="4725" status="PASS">
          <reporter-output>
          </reporter-output>
        </test-method> <!-- config_AM -->
        <test-method is-config="true" signature="config_AC()[pri:0, instance:com.bhim.npci.endtoend.LanguageTest@fbd1f6]" started-at="2023-07-14T13:26:42 IST" name="config_AC" finished-at="2023-07-14T13:26:42 IST" duration-ms="290" status="PASS">
          <reporter-output>
          </reporter-output>
        </test-method> <!-- config_AC -->
        <test-method is-config="true" signature="config_AS()[pri:0, instance:com.bhim.npci.endtoend.LanguageTest@fbd1f6]" started-at="2023-07-14T13:26:43 IST" name="config_AS" finished-at="2023-07-14T13:26:43 IST" duration-ms="54" status="PASS">
          <reporter-output>
          </reporter-output>
        </test-method> <!-- config_AS -->
      </class> <!-- com.bhim.npci.endtoend.LanguageTest -->
    </test> <!-- Default test -->
  </suite> <!-- Default suite -->
</testng-results>
