<?xml version="1.0" encoding="UTF-8"?>
<!-- Generated by org.testng.reporters.JUnitXMLReporter -->
<testsuite ignored="7" hostname="DESKTOP-24M7K4D" failures="0" tests="7" name="Test" time="236.999" errors="0" timestamp="2023-07-14T12:25:12 IST">
  <testcase classname="com.bhim.npci.genericutility.BaseClass" name="@BeforeClass config_BC" time="0.0">
    <failure type="java.lang.NullPointerException" message="Cannot invoke &amp;quot;com.bhim.npci.genericutility.FileUtility.readDataFromPropertyFile(String)&amp;quot; because &amp;quot;this.fileUtils&amp;quot; is null">
      <![CDATA[java.lang.NullPointerException: Cannot invoke "com.bhim.npci.genericutility.FileUtility.readDataFromPropertyFile(String)" because "this.fileUtils" is null
at com.bhim.npci.genericutility.BaseClass.config_BC(BaseClass.java:81)
at java.base/java.util.ArrayList.forEach(ArrayList.java:1511)
... Removed 25 stack frames]]>
    </failure>
  </testcase> <!-- @BeforeClass config_BC -->
  <testcase classname="com.bhim.npci.genericutility.BaseClass" name="@BeforeMethod config_BM" time="0.0">
    <skipped/>
  </testcase> <!-- @BeforeMethod config_BM -->
  <testcase classname="com.bhim.npci.genericutility.BaseClass" name="@AfterMethod config_AM" time="0.0">
    <skipped/>
  </testcase> <!-- @AfterMethod config_AM -->
  <testcase classname="com.bhim.npci.genericutility.BaseClass" name="@AfterClass config_AC" time="0.0">
    <skipped/>
  </testcase> <!-- @AfterClass config_AC -->
  <testcase classname="com.bhim.npci.genericutility.BaseClass" name="@BeforeClass config_BC" time="0.001">
    <failure type="java.lang.NullPointerException" message="Cannot invoke &amp;quot;com.bhim.npci.genericutility.FileUtility.readDataFromPropertyFile(String)&amp;quot; because &amp;quot;this.fileUtils&amp;quot; is null">
      <![CDATA[java.lang.NullPointerException: Cannot invoke "com.bhim.npci.genericutility.FileUtility.readDataFromPropertyFile(String)" because "this.fileUtils" is null
at com.bhim.npci.genericutility.BaseClass.config_BC(BaseClass.java:81)
at java.base/java.util.ArrayList.forEach(ArrayList.java:1511)
... Removed 25 stack frames]]>
    </failure>
  </testcase> <!-- @BeforeClass config_BC -->
  <testcase classname="com.bhim.npci.genericutility.BaseClass" name="@BeforeMethod config_BM" time="0.0">
    <skipped/>
  </testcase> <!-- @BeforeMethod config_BM -->
  <testcase classname="com.bhim.npci.genericutility.BaseClass" name="@AfterMethod config_AM" time="0.0">
    <skipped/>
  </testcase> <!-- @AfterMethod config_AM -->
  <testcase classname="com.bhim.npci.genericutility.BaseClass" name="@AfterClass config_AC" time="0.0">
    <skipped/>
  </testcase> <!-- @AfterClass config_AC -->
  <testcase classname="com.bhim.npci.genericutility.BaseClass" name="@BeforeClass config_BC" time="0.001">
    <failure type="java.lang.NullPointerException" message="Cannot invoke &amp;quot;com.bhim.npci.genericutility.FileUtility.readDataFromPropertyFile(String)&amp;quot; because &amp;quot;this.fileUtils&amp;quot; is null">
      <![CDATA[java.lang.NullPointerException: Cannot invoke "com.bhim.npci.genericutility.FileUtility.readDataFromPropertyFile(String)" because "this.fileUtils" is null
at com.bhim.npci.genericutility.BaseClass.config_BC(BaseClass.java:81)
at java.base/java.util.ArrayList.forEach(ArrayList.java:1511)
... Removed 25 stack frames]]>
    </failure>
  </testcase> <!-- @BeforeClass config_BC -->
  <testcase classname="com.bhim.npci.genericutility.BaseClass" name="@BeforeMethod config_BM" time="0.0">
    <skipped/>
  </testcase> <!-- @BeforeMethod config_BM -->
  <testcase classname="com.bhim.npci.genericutility.BaseClass" name="@AfterMethod config_AM" time="0.0">
    <skipped/>
  </testcase> <!-- @AfterMethod config_AM -->
  <testcase classname="com.bhim.npci.genericutility.BaseClass" name="@AfterClass config_AC" time="0.0">
    <skipped/>
  </testcase> <!-- @AfterClass config_AC -->
  <testcase classname="com.bhim.npci.endtoend.TransactionTest" name="enteringWrongPinWhileSendingMoneyTest" time="26.372"/>
  <testcase classname="com.bhim.npci.endtoend.TransactionTest" name="payThroughScanner" time="48.201"/>
  <testcase classname="com.bhim.npci.endtoend.TransactionTest" name="sendInvalidAmountTest" time="18.38"/>
  <testcase classname="com.bhim.npci.endtoend.TransactionTest" name="sendingMoneyToContactAndValidateBalanceTest" time="74.265"/>
  <testcase classname="com.bhim.npci.endtoend.HomeTest" name="checkingBalanceAndVerifyTest" time="0.001">
    <skipped/>
  </testcase> <!-- checkingBalanceAndVerifyTest -->
  <testcase classname="com.bhim.npci.endtoend.LanguageTest" name="verifyLanguageTest" time="0.0">
    <skipped/>
  </testcase> <!-- verifyLanguageTest -->
  <testcase classname="com.bhim.npci.endtoend.FeedbackTest" name="sendFeedback" time="0.001">
    <skipped/>
  </testcase> <!-- sendFeedback -->
  <testcase classname="com.bhim.npci.genericutility.BaseClass" name="@AfterSuite config_AS" time="0.0">
    <ignored/>
  </testcase> <!-- @AfterSuite config_AS -->
  <testcase classname="com.bhim.npci.genericutility.BaseClass" name="@AfterSuite config_AS" time="0.0">
    <ignored/>
  </testcase> <!-- @AfterSuite config_AS -->
  <testcase classname="com.bhim.npci.genericutility.BaseClass" name="@BeforeSuite config_BS" time="0.0">
    <ignored/>
  </testcase> <!-- @BeforeSuite config_BS -->
  <testcase classname="com.bhim.npci.genericutility.BaseClass" name="@BeforeSuite config_BS" time="0.0">
    <ignored/>
  </testcase> <!-- @BeforeSuite config_BS -->
  <testcase classname="com.bhim.npci.genericutility.BaseClass" name="@BeforeSuite config_BS" time="0.0">
    <ignored/>
  </testcase> <!-- @BeforeSuite config_BS -->
  <testcase classname="com.bhim.npci.endtoend.TransactionTest" name="viewSatement" time="0.0">
    <ignored/>
  </testcase> <!-- viewSatement -->
  <testcase classname="com.bhim.npci.genericutility.BaseClass" name="@AfterSuite config_AS" time="0.0">
    <ignored/>
  </testcase> <!-- @AfterSuite config_AS -->
</testsuite> <!-- Test -->
